#
# An unexpected error has been detected by HotSpot Virtual Machine:
#
#  EXCEPTION_ACCESS_VIOLATION (0xc0000005) at pc=0x7c90100b, pid=2248, tid=3868
#
# Java VM: Java HotSpot(TM) Client VM (1.5.0_08-b03 mixed mode, sharing)
# Problematic frame:
# C  [ntdll.dll+0x100b]
#

---------------  T H R E A D  ---------------

Current thread (0x02cfdc48):  JavaThread "AWT-EventQueue-0" [_thread_in_native, id=3868]

siginfo: ExceptionCode=0xc0000005, reading address 0x00000018

Registers:
EAX=0x00000004, EBX=0x00000000, ECX=0x7ffaf000, EDX=0x00000004
ESP=0x0313f540, EBP=0x0313f558, ESI=0x00000000, EDI=0x0332150c
EIP=0x7c90100b, EFLAGS=0x00010246

Top of Stack: (sp=0x0313f540)
0x0313f540:   743559fa 00000004 0332150c 7432139f
0x0313f550:   0332150c 033214e8 0313f574 74344930
0x0313f560:   0332150c 74350000 02cfdd08 26b11668
0x0313f570:   ffffffff 0313f590 74344abc 00000001
0x0313f580:   033214e8 0000000f 00ab6710 02cfdd08
0x0313f590:   0313f5d8 6d3e5019 033214e8 02cfdc48
0x0313f5a0:   26b11668 00b0832f 02cfdd08 0313f5f4
0x0313f5b0:   033214e8 00000000 0313f5e8 0313f5bc 

Instructions: (pc=0x7c90100b)
0x7c900ffb:   00 00 00 00 00 64 8b 0d 18 00 00 00 8b 54 24 04
0x7c90100b:   83 7a 14 00 75 4f f0 ff 42 04 75 19 8b 41 24 89 


Stack: [0x03100000,0x03140000),  sp=0x0313f540,  free space=253k
Native frames: (J=compiled Java code, j=interpreted, Vv=VM code, C=native code)
C  [ntdll.dll+0x100b]
C  [ODBC32.dll+0x24930]
C  [ODBC32.dll+0x24abc]
C  [JdbcOdbc.dll+0x5019]
j  sun.jdbc.odbc.JdbcOdbc.SQLFreeEnv(J)V+43
j  sun.jdbc.odbc.JdbcOdbcDriver.closeConnection(J)V+48
j  sun.jdbc.odbc.JdbcOdbcConnection.close()V+55
j  HEPV9.borderSetting()V+273
j  HEPV9.createHEPV()V+17
j  Encode.actionPerformed(Ljava/awt/event/ActionEvent;)V+9
j  javax.swing.AbstractButton.fireActionPerformed(Ljava/awt/event/ActionEvent;)V+84
j  javax.swing.AbstractButton$Handler.actionPerformed(Ljava/awt/event/ActionEvent;)V+5
j  javax.swing.DefaultButtonModel.fireActionPerformed(Ljava/awt/event/ActionEvent;)V+35
j  javax.swing.DefaultButtonModel.setPressed(Z)V+117
j  javax.swing.plaf.basic.BasicButtonListener.mouseReleased(Ljava/awt/event/MouseEvent;)V+35
j  java.awt.Component.processMouseEvent(Ljava/awt/event/MouseEvent;)V+64
j  javax.swing.JComponent.processMouseEvent(Ljava/awt/event/MouseEvent;)V+23
j  java.awt.Component.processEvent(Ljava/awt/AWTEvent;)V+81
j  java.awt.Container.processEvent(Ljava/awt/AWTEvent;)V+18
j  java.awt.Component.dispatchEventImpl(Ljava/awt/AWTEvent;)V+477
j  java.awt.Container.dispatchEventImpl(Ljava/awt/AWTEvent;)V+42
j  java.awt.Component.dispatchEvent(Ljava/awt/AWTEvent;)V+2
j  java.awt.LightweightDispatcher.retargetMouseEvent(Ljava/awt/Component;ILjava/awt/event/MouseEvent;)V+304
j  java.awt.LightweightDispatcher.processMouseEvent(Ljava/awt/event/MouseEvent;)Z+139
j  java.awt.LightweightDispatcher.dispatchEvent(Ljava/awt/AWTEvent;)Z+50
j  java.awt.Container.dispatchEventImpl(Ljava/awt/AWTEvent;)V+12
j  java.awt.Window.dispatchEventImpl(Ljava/awt/AWTEvent;)V+19
j  java.awt.Component.dispatchEvent(Ljava/awt/AWTEvent;)V+2
j  java.awt.EventQueue.dispatchEvent(Ljava/awt/AWTEvent;)V+46
j  java.awt.EventDispatchThread.pumpOneEventForHierarchy(ILjava/awt/Component;)Z+233
j  java.awt.EventDispatchThread.pumpEventsForHierarchy(ILjava/awt/Conditional;Ljava/awt/Component;)V+26
j  java.awt.EventDispatchThread.pumpEvents(ILjava/awt/Conditional;)V+4
j  java.awt.EventDispatchThread.pumpEvents(Ljava/awt/Conditional;)V+3
j  java.awt.EventDispatchThread.run()V+9
v  ~StubRoutines::call_stub
V  [jvm.dll+0x86e84]
V  [jvm.dll+0xddead]
V  [jvm.dll+0x86d55]
V  [jvm.dll+0x86ab2]
V  [jvm.dll+0xa16b2]
V  [jvm.dll+0x10f4ac]
V  [jvm.dll+0x10f47a]
C  [MSVCRT.dll+0x2a3b0]
C  [kernel32.dll+0xb729]

Java frames: (J=compiled Java code, j=interpreted, Vv=VM code)
j  sun.jdbc.odbc.JdbcOdbc.freeEnv(J[B)V+0
j  sun.jdbc.odbc.JdbcOdbc.SQLFreeEnv(J)V+43
j  sun.jdbc.odbc.JdbcOdbcDriver.closeConnection(J)V+48
j  sun.jdbc.odbc.JdbcOdbcConnection.close()V+55
j  HEPV9.borderSetting()V+273
j  HEPV9.createHEPV()V+17
j  Encode.actionPerformed(Ljava/awt/event/ActionEvent;)V+9
j  javax.swing.AbstractButton.fireActionPerformed(Ljava/awt/event/ActionEvent;)V+84
j  javax.swing.AbstractButton$Handler.actionPerformed(Ljava/awt/event/ActionEvent;)V+5
j  javax.swing.DefaultButtonModel.fireActionPerformed(Ljava/awt/event/ActionEvent;)V+35
j  javax.swing.DefaultButtonModel.setPressed(Z)V+117
j  javax.swing.plaf.basic.BasicButtonListener.mouseReleased(Ljava/awt/event/MouseEvent;)V+35
j  java.awt.Component.processMouseEvent(Ljava/awt/event/MouseEvent;)V+64
j  javax.swing.JComponent.processMouseEvent(Ljava/awt/event/MouseEvent;)V+23
j  java.awt.Component.processEvent(Ljava/awt/AWTEvent;)V+81
j  java.awt.Container.processEvent(Ljava/awt/AWTEvent;)V+18
j  java.awt.Component.dispatchEventImpl(Ljava/awt/AWTEvent;)V+477
j  java.awt.Container.dispatchEventImpl(Ljava/awt/AWTEvent;)V+42
j  java.awt.Component.dispatchEvent(Ljava/awt/AWTEvent;)V+2
j  java.awt.LightweightDispatcher.retargetMouseEvent(Ljava/awt/Component;ILjava/awt/event/MouseEvent;)V+304
j  java.awt.LightweightDispatcher.processMouseEvent(Ljava/awt/event/MouseEvent;)Z+139
j  java.awt.LightweightDispatcher.dispatchEvent(Ljava/awt/AWTEvent;)Z+50
j  java.awt.Container.dispatchEventImpl(Ljava/awt/AWTEvent;)V+12
j  java.awt.Window.dispatchEventImpl(Ljava/awt/AWTEvent;)V+19
j  java.awt.Component.dispatchEvent(Ljava/awt/AWTEvent;)V+2
j  java.awt.EventQueue.dispatchEvent(Ljava/awt/AWTEvent;)V+46
j  java.awt.EventDispatchThread.pumpOneEventForHierarchy(ILjava/awt/Component;)Z+233
j  java.awt.EventDispatchThread.pumpEventsForHierarchy(ILjava/awt/Conditional;Ljava/awt/Component;)V+26
j  java.awt.EventDispatchThread.pumpEvents(ILjava/awt/Conditional;)V+4
j  java.awt.EventDispatchThread.pumpEvents(Ljava/awt/Conditional;)V+3
j  java.awt.EventDispatchThread.run()V+9
v  ~StubRoutines::call_stub

---------------  P R O C E S S  ---------------

Java Threads: ( => current thread )
  0x002f6700 JavaThread "DestroyJavaVM" [_thread_blocked, id=5868]
=>0x02cfdc48 JavaThread "AWT-EventQueue-0" [_thread_in_native, id=3868]
  0x00ac7fa8 JavaThread "AWT-Windows" daemon [_thread_in_native, id=872]
  0x00ac7c28 JavaThread "AWT-Shutdown" [_thread_blocked, id=1396]
  0x00acb288 JavaThread "Java2D Disposer" daemon [_thread_blocked, id=1388]
  0x00aa1710 JavaThread "Low Memory Detector" daemon [_thread_blocked, id=5928]
  0x00aa02f8 JavaThread "CompilerThread0" daemon [_thread_blocked, id=4056]
  0x00a9f638 JavaThread "Signal Dispatcher" daemon [_thread_blocked, id=452]
  0x002ff4c0 JavaThread "Finalizer" daemon [_thread_blocked, id=4036]
  0x002fe0a8 JavaThread "Reference Handler" daemon [_thread_blocked, id=4728]

Other Threads:
  0x00a706a0 VMThread [id=1020]
  0x00aa2960 WatcherThread [id=1192]

VM state:not at safepoint (normal execution)

VM Mutex/Monitor currently owned by a thread: None

Heap
 def new generation   total 576K, used 47K [0x22ad0000, 0x22b70000, 0x22fb0000)
  eden space 512K,   3% used [0x22ad0000, 0x22ad4088, 0x22b50000)
  from space 64K,  49% used [0x22b60000, 0x22b67e08, 0x22b70000)
  to   space 64K,   0% used [0x22b50000, 0x22b50000, 0x22b60000)
 tenured generation   total 1408K, used 424K [0x22fb0000, 0x23110000, 0x26ad0000)
   the space 1408K,  30% used [0x22fb0000, 0x2301a370, 0x2301a400, 0x23110000)
 compacting perm gen  total 8192K, used 560K [0x26ad0000, 0x272d0000, 0x2aad0000)
   the space 8192K,   6% used [0x26ad0000, 0x26b5c2d8, 0x26b5c400, 0x272d0000)
    ro space 8192K,  67% used [0x2aad0000, 0x2b02e380, 0x2b02e400, 0x2b2d0000)
    rw space 12288K,  47% used [0x2b2d0000, 0x2b8786e8, 0x2b878800, 0x2bed0000)

Dynamic libraries:
0x00400000 - 0x0040d000 	C:\Program Files\Java\jdk1.5.0_08\bin\java.exe
0x7c900000 - 0x7c9b2000 	C:\WINDOWS\system32\ntdll.dll
0x7c800000 - 0x7c8f6000 	C:\WINDOWS\system32\kernel32.dll
0x64d00000 - 0x64d36000 	C:\Program Files\Alwil Software\Avast5\snxhk.dll
0x77dd0000 - 0x77e6b000 	C:\WINDOWS\system32\ADVAPI32.dll
0x77e70000 - 0x77f02000 	C:\WINDOWS\system32\RPCRT4.dll
0x002a0000 - 0x002b1000 	C:\WINDOWS\system32\Secur32.dll
0x77c10000 - 0x77c68000 	C:\WINDOWS\system32\MSVCRT.dll
0x6d730000 - 0x6d8cb000 	C:\Program Files\Java\jdk1.5.0_08\jre\bin\client\jvm.dll
0x7e410000 - 0x7e4a1000 	C:\WINDOWS\system32\USER32.dll
0x77f10000 - 0x77f59000 	C:\WINDOWS\system32\GDI32.dll
0x76b40000 - 0x76b6d000 	C:\WINDOWS\system32\WINMM.dll
0x76390000 - 0x763ad000 	C:\WINDOWS\system32\IMM32.DLL
0x629c0000 - 0x629c9000 	C:\WINDOWS\system32\LPK.DLL
0x74d90000 - 0x74dfb000 	C:\WINDOWS\system32\USP10.dll
0x6d2f0000 - 0x6d2f8000 	C:\Program Files\Java\jdk1.5.0_08\jre\bin\hpi.dll
0x76bf0000 - 0x76bfb000 	C:\WINDOWS\system32\PSAPI.DLL
0x6d700000 - 0x6d70c000 	C:\Program Files\Java\jdk1.5.0_08\jre\bin\verify.dll
0x6d370000 - 0x6d38d000 	C:\Program Files\Java\jdk1.5.0_08\jre\bin\java.dll
0x6d720000 - 0x6d72f000 	C:\Program Files\Java\jdk1.5.0_08\jre\bin\zip.dll
0x6d070000 - 0x6d1d9000 	C:\Program Files\Java\jdk1.5.0_08\jre\bin\awt.dll
0x73000000 - 0x73026000 	C:\WINDOWS\system32\WINSPOOL.DRV
0x774e0000 - 0x7761d000 	C:\WINDOWS\system32\ole32.dll
0x5ad70000 - 0x5ada8000 	C:\WINDOWS\system32\uxtheme.dll
0x73760000 - 0x737ab000 	C:\WINDOWS\system32\ddraw.dll
0x73bc0000 - 0x73bc6000 	C:\WINDOWS\system32\DCIMAN32.dll
0x6d2b0000 - 0x6d2ef000 	C:\Program Files\Java\jdk1.5.0_08\jre\bin\fontmanager.dll
0x649c0000 - 0x649c9000 	C:\Documents and Settings\All Users\Application Data\Real\RealPlayer\BrowserRecordPlugin\Chrome\Hook\rpchrome150browserrecordhelper.dll
0x78520000 - 0x785c3000 	C:\WINDOWS\WinSxS\x86_Microsoft.VC90.CRT_1fc8b3b9a1e18e3b_9.0.30729.4148_x-ww_d495ac4e\MSVCR90.dll
0x7c9c0000 - 0x7d1d7000 	C:\WINDOWS\system32\SHELL32.dll
0x77f60000 - 0x77fd6000 	C:\WINDOWS\system32\SHLWAPI.dll
0x773d0000 - 0x774d3000 	C:\WINDOWS\WinSxS\x86_Microsoft.Windows.Common-Controls_6595b64144ccf1df_6.0.2600.5512_x-ww_35d4ce83\comctl32.dll
0x5d090000 - 0x5d12a000 	C:\WINDOWS\system32\comctl32.dll
0x74720000 - 0x7476c000 	C:\WINDOWS\system32\MSCTF.dll
0x5b720000 - 0x5b73b000 	C:\PROGRA~1\MYSECR~1\MSFH32.dll
0x77b40000 - 0x77b62000 	C:\WINDOWS\system32\apphelp.dll
0x755c0000 - 0x755ee000 	C:\WINDOWS\system32\msctfime.ime
0x76fd0000 - 0x7704f000 	C:\WINDOWS\system32\CLBCATQ.DLL
0x77050000 - 0x77115000 	C:\WINDOWS\system32\COMRes.dll
0x77120000 - 0x771ab000 	C:\WINDOWS\system32\OLEAUT32.dll
0x77c00000 - 0x77c08000 	C:\WINDOWS\system32\VERSION.dll
0x10000000 - 0x10019000 	C:\WINDOWS\system32\btmmhook.dll
0x032d0000 - 0x032db000 	C:\PROGRA~1\MYWEBS~1\bar\1.bin\mwsoestb.dll
0x6d530000 - 0x6d543000 	C:\Program Files\Java\jdk1.5.0_08\jre\bin\net.dll
0x71ab0000 - 0x71ac7000 	C:\WINDOWS\system32\WS2_32.dll
0x71aa0000 - 0x71aa8000 	C:\WINDOWS\system32\WS2HELP.dll
0x6d550000 - 0x6d559000 	C:\Program Files\Java\jdk1.5.0_08\jre\bin\nio.dll
0x6d3e0000 - 0x6d3ed000 	C:\Program Files\Java\jdk1.5.0_08\jre\bin\JdbcOdbc.dll
0x74320000 - 0x7435d000 	C:\WINDOWS\system32\ODBC32.dll
0x763b0000 - 0x763f9000 	C:\WINDOWS\system32\comdlg32.dll
0x03460000 - 0x03477000 	C:\WINDOWS\system32\odbcint.dll
0x03240000 - 0x03245000 	C:\WINDOWS\system32\msorc32r.dll
0x03480000 - 0x034e1000 	C:\oraclexe\app\oracle\product\10.2.0\server\bin\oci.dll
0x7c340000 - 0x7c396000 	C:\WINDOWS\system32\MSVCR71.dll
0x61c20000 - 0x61e73000 	C:\oraclexe\app\oracle\product\10.2.0\server\bin\ORACLIENT10.DLL
0x60870000 - 0x60956000 	C:\oraclexe\app\oracle\product\10.2.0\server\bin\oracore10.dll
0x60a80000 - 0x60b46000 	C:\oraclexe\app\oracle\product\10.2.0\server\bin\oranls10.dll
0x63690000 - 0x636a8000 	C:\oraclexe\app\oracle\product\10.2.0\server\bin\oraunls10.dll
0x60eb0000 - 0x60eb7000 	C:\oraclexe\app\oracle\product\10.2.0\server\bin\orauts.dll
0x636b0000 - 0x636b6000 	C:\oraclexe\app\oracle\product\10.2.0\server\bin\oravsn10.dll
0x60fa0000 - 0x61092000 	C:\oraclexe\app\oracle\product\10.2.0\server\bin\oracommon10.dll
0x60300000 - 0x60858000 	C:\oraclexe\app\oracle\product\10.2.0\server\bin\orageneric10.dll
0x63430000 - 0x63457000 	C:\oraclexe\app\oracle\product\10.2.0\server\bin\orasnls10.dll
0x03560000 - 0x036ec000 	C:\oraclexe\app\oracle\product\10.2.0\server\bin\oraxml10.dll
0x036f0000 - 0x03701000 	C:\WINDOWS\system32\MSVCIRT.dll
0x60960000 - 0x60a6d000 	C:\oraclexe\app\oracle\product\10.2.0\server\bin\oran10.dll
0x62740000 - 0x6277d000 	C:\oraclexe\app\oracle\product\10.2.0\server\bin\oranl10.dll
0x62790000 - 0x627a7000 	C:\oraclexe\app\oracle\product\10.2.0\server\bin\oranldap10.dll
0x627f0000 - 0x628f9000 	C:\oraclexe\app\oracle\product\10.2.0\server\bin\orannzsbb10.dll
0x62530000 - 0x62583000 	C:\oraclexe\app\oracle\product\10.2.0\server\bin\oraldapclnt10.dll
0x62670000 - 0x6268b000 	C:\oraclexe\app\oracle\product\10.2.0\server\bin\orancrypt10.dll
0x71ad0000 - 0x71ad9000 	C:\WINDOWS\system32\WSOCK32.dll
0x62920000 - 0x6296c000 	C:\oraclexe\app\oracle\product\10.2.0\server\bin\oranro10.dll
0x626b0000 - 0x626b7000 	C:\oraclexe\app\oracle\product\10.2.0\server\bin\oranhost10.dll
0x62660000 - 0x62666000 	C:\oraclexe\app\oracle\product\10.2.0\server\bin\orancds10.dll
0x03710000 - 0x03718000 	C:\oraclexe\app\oracle\product\10.2.0\server\bin\orantns10.dll
0x60b50000 - 0x60ea9000 	C:\oraclexe\app\oracle\product\10.2.0\server\bin\orapls10.dll
0x63420000 - 0x63429000 	C:\oraclexe\app\oracle\product\10.2.0\server\bin\oraslax10.dll
0x63080000 - 0x63284000 	C:\oraclexe\app\oracle\product\10.2.0\server\bin\oraplp10.dll
0x61ed0000 - 0x61f5b000 	C:\oraclexe\app\oracle\product\10.2.0\server\bin\orahasgen10.dll
0x62ab0000 - 0x62b1a000 	C:\oraclexe\app\oracle\product\10.2.0\server\bin\oraocr10.dll
0x62b20000 - 0x62b60000 	C:\oraclexe\app\oracle\product\10.2.0\server\bin\oraocrb10.dll
0x5b860000 - 0x5b8b6000 	C:\WINDOWS\system32\NETAPI32.dll
0x62980000 - 0x62990000 	C:\oraclexe\app\oracle\product\10.2.0\server\bin\orantcp10.dll
0x63520000 - 0x635ba000 	C:\oraclexe\app\oracle\product\10.2.0\server\bin\orasql10.dll
0x5fe80000 - 0x5fe9b000 	C:\WINDOWS\system32\odbccp32.dll
0x62650000 - 0x62659000 	C:\oraclexe\app\oracle\product\10.2.0\server\bin\oranbeq10.dll
0x71f80000 - 0x71f84000 	C:\WINDOWS\system32\security.dll
0x77c90000 - 0x77cb5000 	C:\WINDOWS\system32\msv1_0.dll
0x76790000 - 0x7679c000 	C:\WINDOWS\system32\cryptdll.dll
0x76d60000 - 0x76d79000 	C:\WINDOWS\system32\iphlpapi.dll

VM Arguments:
java_command: HEPV9
Launcher Type: SUN_STANDARD

Environment Variables:
PATH=C:\oraclexe\app\oracle\product\10.2.0\server\bin;C:\Program Files\PC Connectivity Solution\;C:\WINDOWS\system32;C:\WINDOWS;C:\WINDOWS\System32\Wbem;C:\Program Files\Intel\WiFi\bin\;C:\Program Files\Microsoft Visual Studio\Common\MSDev98\Bin;C:\Program Files\Microsoft Visual Studio\Common\Tools;C:\Program Files\Microsoft Visual Studio\VC98\bin
USERNAME=Shraddha
OS=Windows_NT
PROCESSOR_IDENTIFIER=x86 Family 6 Model 15 Stepping 13, GenuineIntel



---------------  S Y S T E M  ---------------

OS: Windows XP Build 2600 Service Pack 3

CPU:total 2 (cores per cpu 2, threads per core 1) family 6 model 15 stepping 13, cmov, cx8, fxsr, mmx, sse, sse2

Memory: 4k page, physical 1039596k(251752k free), swap 2988892k(1535428k free)

vm_info: Java HotSpot(TM) Client VM (1.5.0_08-b03) for windows-x86, built on Jul 26 2006 01:10:50 by "java_re" with MS VC++ 6.0

